# JRE version: Java(TM) SE Runtime Environment (7.0_75-b13) (build 1.7.0_75-b13)
# Java VM: Java HotSpot(TM) 64-Bit Server VM (24.75-b04 mixed mode windows-amd64 compressed oops)
Heap
 PSYoungGen      total 233472K, used 70777K [0x00000000eaa80000, 0x0000000100000000, 0x0000000100000000)
  eden space 117248K, 0% used [0x00000000eaa80000,0x00000000eaa80000,0x00000000f1d00000)
  from space 116224K, 60% used [0x00000000f1d00000,0x00000000f621e500,0x00000000f8e80000)
  to   space 116224K, 0% used [0x00000000f8e80000,0x00000000f8e80000,0x0000000100000000)
 ParOldGen       total 304640K, used 277783K [0x00000000c0000000, 0x00000000d2980000, 0x00000000eaa80000)
  object space 304640K, 91% used [0x00000000c0000000,0x00000000d0f45de0,0x00000000d2980000)
 PSPermGen       total 21504K, used 6435K [0x00000000bae00000, 0x00000000bc300000, 0x00000000c0000000)
  object space 21504K, 29% used [0x00000000bae00000,0x00000000bb448cc0,0x00000000bc300000)
GC Heap History (10 events):
Event: 13.332 GC heap after
Heap after GC invocations=15 (full 2):
 PSYoungGen      total 278016K, used 71650K [0x00000000eaa80000, 0x0000000100000000, 0x0000000100000000)
  eden space 206336K, 0% used [0x00000000eaa80000,0x00000000eaa80000,0x00000000f7400000)
  from space 71680K, 99% used [0x00000000f7400000,0x00000000fb9f89a0,0x00000000fba00000)
  to   space 71680K, 0% used [0x00000000fba00000,0x00000000fba00000,0x0000000100000000)
 ParOldGen       total 304640K, used 178730K [0x00000000c0000000, 0x00000000d2980000, 0x00000000eaa80000)
  object space 304640K, 58% used [0x00000000c0000000,0x00000000cae8ab30,0x00000000d2980000)
 PSPermGen       total 21504K, used 6102K [0x00000000bae00000, 0x00000000bc300000, 0x00000000c0000000)
  object space 21504K, 28% used [0x00000000bae00000,0x00000000bb3f5b48,0x00000000bc300000)
}
Event: 13.652 GC heap before
{Heap before GC invocations=16 (full 2):
 PSYoungGen      total 278016K, used 277986K [0x00000000eaa80000, 0x0000000100000000, 0x0000000100000000)
  eden space 206336K, 100% used [0x00000000eaa80000,0x00000000f7400000,0x00000000f7400000)
  from space 71680K, 99% used [0x00000000f7400000,0x00000000fb9f89a0,0x00000000fba00000)
  to   space 71680K, 0% used [0x00000000fba00000,0x00000000fba00000,0x0000000100000000)
 ParOldGen       total 304640K, used 178730K [0x00000000c0000000, 0x00000000d2980000, 0x00000000eaa80000)
  object space 304640K, 58% used [0x00000000c0000000,0x00000000cae8ab30,0x00000000d2980000)
 PSPermGen       total 21504K, used 6111K [0x00000000bae00000, 0x00000000bc300000, 0x00000000c0000000)
  object space 21504K, 28% used [0x00000000bae00000,0x00000000bb3f7ca0,0x00000000bc300000)
Event: 13.796 GC heap after
Heap after GC invocations=16 (full 2):
 PSYoungGen      total 240128K, used 62377K [0x00000000eaa80000, 0x0000000100000000, 0x0000000100000000)
  eden space 168448K, 0% used [0x00000000eaa80000,0x00000000eaa80000,0x00000000f4f00000)
  from space 71680K, 87% used [0x00000000fba00000,0x00000000ff6ea738,0x0000000100000000)
  to   space 90624K, 0% used [0x00000000f4f00000,0x00000000f4f00000,0x00000000fa780000)
 ParOldGen       total 304640K, used 222470K [0x00000000c0000000, 0x00000000d2980000, 0x00000000eaa80000)
  object space 304640K, 73% used [0x00000000c0000000,0x00000000cd9419d0,0x00000000d2980000)
 PSPermGen       total 21504K, used 6111K [0x00000000bae00000, 0x00000000bc300000, 0x00000000c0000000)
  object space 21504K, 28% used [0x00000000bae00000,0x00000000bb3f7ca0,0x00000000bc300000)
}
Event: 14.070 GC heap before
{Heap before GC invocations=17 (full 2):
 PSYoungGen      total 240128K, used 230825K [0x00000000eaa80000, 0x0000000100000000, 0x0000000100000000)
  eden space 168448K, 100% used [0x00000000eaa80000,0x00000000f4f00000,0x00000000f4f00000)
  from space 71680K, 87% used [0x00000000fba00000,0x00000000ff6ea738,0x0000000100000000)
  to   space 90624K, 0% used [0x00000000f4f00000,0x00000000f4f00000,0x00000000fa780000)
 ParOldGen       total 304640K, used 222470K [0x00000000c0000000, 0x00000000d2980000, 0x00000000eaa80000)
  object space 304640K, 73% used [0x00000000c0000000,0x00000000cd9419d0,0x00000000d2980000)
 PSPermGen       total 21504K, used 6120K [0x00000000bae00000, 0x00000000bc300000, 0x00000000c0000000)
  object space 21504K, 28% used [0x00000000bae00000,0x00000000bb3fa260,0x00000000bc300000)
Event: 14.174 GC heap after
Heap after GC invocations=17 (full 2):
 PSYoungGen      total 256000K, used 87296K [0x00000000eaa80000, 0x0000000100000000, 0x0000000100000000)
  eden space 168448K, 0% used [0x00000000eaa80000,0x00000000eaa80000,0x00000000f4f00000)
  from space 87552K, 99% used [0x00000000f4f00000,0x00000000fa4403d0,0x00000000fa480000)
  to   space 93696K, 0% used [0x00000000fa480000,0x00000000fa480000,0x0000000100000000)
 ParOldGen       total 304640K, used 222470K [0x00000000c0000000, 0x00000000d2980000, 0x00000000eaa80000)
  object space 304640K, 73% used [0x00000000c0000000,0x00000000cd9419d0,0x00000000d2980000)
 PSPermGen       total 21504K, used 6120K [0x00000000bae00000, 0x00000000bc300000, 0x00000000c0000000)
  object space 21504K, 28% used [0x00000000bae00000,0x00000000bb3fa260,0x00000000bc300000)
}
Event: 14.436 GC heap before
{Heap before GC invocations=18 (full 2):
 PSYoungGen      total 256000K, used 255744K [0x00000000eaa80000, 0x0000000100000000, 0x0000000100000000)
  eden space 168448K, 100% used [0x00000000eaa80000,0x00000000f4f00000,0x00000000f4f00000)
  from space 87552K, 99% used [0x00000000f4f00000,0x00000000fa4403d0,0x00000000fa480000)
  to   space 93696K, 0% used [0x00000000fa480000,0x00000000fa480000,0x0000000100000000)
 ParOldGen       total 304640K, used 222470K [0x00000000c0000000, 0x00000000d2980000, 0x00000000eaa80000)
  object space 304640K, 73% used [0x00000000c0000000,0x00000000cd9419d0,0x00000000d2980000)
 PSPermGen       total 21504K, used 6124K [0x00000000bae00000, 0x00000000bc300000, 0x00000000c0000000)
  object space 21504K, 28% used [0x00000000bae00000,0x00000000bb3fb3c0,0x00000000bc300000)
Event: 14.584 GC heap after
Heap after GC invocations=18 (full 2):
 PSYoungGen      total 210944K, used 93680K [0x00000000eaa80000, 0x0000000100000000, 0x0000000100000000)
  eden space 117248K, 0% used [0x00000000eaa80000,0x00000000eaa80000,0x00000000f1d00000)
  from space 93696K, 99% used [0x00000000fa480000,0x00000000ffffc3f0,0x0000000100000000)
  to   space 116224K, 0% used [0x00000000f1d00000,0x00000000f1d00000,0x00000000f8e80000)
 ParOldGen       total 304640K, used 241587K [0x00000000c0000000, 0x00000000d2980000, 0x00000000eaa80000)
  object space 304640K, 79% used [0x00000000c0000000,0x00000000cebecdb0,0x00000000d2980000)
 PSPermGen       total 21504K, used 6124K [0x00000000bae00000, 0x00000000bc300000, 0x00000000c0000000)
  object space 21504K, 28% used [0x00000000bae00000,0x00000000bb3fb3c0,0x00000000bc300000)
}
Event: 16.347 GC heap before
{Heap before GC invocations=19 (full 2):
 PSYoungGen      total 210944K, used 210928K [0x00000000eaa80000, 0x0000000100000000, 0x0000000100000000)
  eden space 117248K, 100% used [0x00000000eaa80000,0x00000000f1d00000,0x00000000f1d00000)
  from space 93696K, 99% used [0x00000000fa480000,0x00000000ffffc3f0,0x0000000100000000)
  to   space 116224K, 0% used [0x00000000f1d00000,0x00000000f1d00000,0x00000000f8e80000)
 ParOldGen       total 304640K, used 241587K [0x00000000c0000000, 0x00000000d2980000, 0x00000000eaa80000)
  object space 304640K, 79% used [0x00000000c0000000,0x00000000cebecdb0,0x00000000d2980000)
 PSPermGen       total 21504K, used 6435K [0x00000000bae00000, 0x00000000bc300000, 0x00000000c0000000)
  object space 21504K, 29% used [0x00000000bae00000,0x00000000bb448cc0,0x00000000bc300000)
Event: 16.503 GC heap after
Heap after GC invocations=19 (full 2):
 PSYoungGen      total 233472K, used 70777K [0x00000000eaa80000, 0x0000000100000000, 0x0000000100000000)
  eden space 117248K, 0% used [0x00000000eaa80000,0x00000000eaa80000,0x00000000f1d00000)
  from space 116224K, 60% used [0x00000000f1d00000,0x00000000f621e500,0x00000000f8e80000)
  to   space 116224K, 0% used [0x00000000f8e80000,0x00000000f8e80000,0x0000000100000000)
 ParOldGen       total 304640K, used 277783K [0x00000000c0000000, 0x00000000d2980000, 0x00000000eaa80000)
  object space 304640K, 91% used [0x00000000c0000000,0x00000000d0f45de0,0x00000000d2980000)
 PSPermGen       total 21504K, used 6435K [0x00000000bae00000, 0x00000000bc300000, 0x00000000c0000000)
  object space 21504K, 29% used [0x00000000bae00000,0x00000000bb448cc0,0x00000000bc300000)
}
Event: 16.503 GC heap before
{Heap before GC invocations=20 (full 3):
 PSYoungGen      total 233472K, used 70777K [0x00000000eaa80000, 0x0000000100000000, 0x0000000100000000)
  eden space 117248K, 0% used [0x00000000eaa80000,0x00000000eaa80000,0x00000000f1d00000)
  from space 116224K, 60% used [0x00000000f1d00000,0x00000000f621e500,0x00000000f8e80000)
  to   space 116224K, 0% used [0x00000000f8e80000,0x00000000f8e80000,0x0000000100000000)
 ParOldGen       total 304640K, used 277783K [0x00000000c0000000, 0x00000000d2980000, 0x00000000eaa80000)
  object space 304640K, 91% used [0x00000000c0000000,0x00000000d0f45de0,0x00000000d2980000)
 PSPermGen       total 21504K, used 6435K [0x00000000bae00000, 0x00000000bc300000, 0x00000000c0000000)
  object space 21504K, 29% used [0x00000000bae00000,0x00000000bb448cc0,0x00000000bc300000)

